Mono path[0] = '/home/newor/dls1/Digital-Logic-Sim_Data/Managed'
Mono config path = '/home/newor/dls1/Digital-Logic-Sim_Data/MonoBleedingEdge/etc'
Display 0 'LVDS-1 14"': 1366x768 (primary device).
Desktop is 1366 x 768 @ 60 Hz
Initialize engine version: 2021.3.12f1 (8af3c3e441b1)
[Subsystems] Discovering subsystems at path /home/newor/dls1/Digital-Logic-Sim_Data/UnitySubsystems
GfxDevice: creating device client; threaded=1; jobified=1
Renderer: Mesa Intel(R) HD Graphics 4000 (IVB GT2)
Vendor:   Intel
Version:  4.2 (Core Profile) Mesa 23.3.3-arch1.1
GLES:     0
 GL_3DFX_texture_compression_FXT1 GL_AMD_conservative_depth GL_AMD_draw_buffers_blend GL_AMD_multi_draw_indirect GL_AMD_performance_monitor GL_AMD_pinned_memory GL_AMD_seamless_cubemap_per_texture GL_AMD_shader_trinary_minmax GL_AMD_texture_texture4 GL_AMD_vertex_shader_layer GL_AMD_vertex_shader_viewport_index GL_ANGLE_texture_compression_dxt3 GL_ANGLE_texture_compression_dxt5 GL_ARB_ES2_compatibility GL_ARB_ES3_compatibility GL_ARB_arrays_of_arrays GL_ARB_base_instance GL_ARB_blend_func_extended GL_ARB_buffer_storage GL_ARB_clear_buffer_object GL_ARB_clear_texture GL_ARB_clip_control GL_ARB_compressed_texture_pixel_storage GL_ARB_compute_shader GL_ARB_compute_variable_group_size GL_ARB_conditional_render_inverted GL_ARB_conservative_depth GL_ARB_copy_buffer GL_ARB_copy_image GL_ARB_cull_distance GL_ARB_debug_output GL_ARB_depth_buffer_float GL_ARB_depth_clamp GL_ARB_derivative_control GL_ARB_direct_state_access GL_ARB_draw_buffers GL_ARB_draw_buffers_blend GL_ARB_draw_elements_base_vertex GL_ARB_draw_indir
ect GL_ARB_draw_instanced GL_ARB_enhanced_layouts GL_ARB_explicit_attrib_location GL_ARB_explicit_uniform_location GL_ARB_fragment_coord_conventions GL_ARB_fragment_layer_viewport GL_ARB_fragment_shader GL_ARB_framebuffer_no_attachments GL_ARB_framebuffer_object GL_ARB_framebuffer_sRGB GL_ARB_get_program_binary GL_ARB_get_texture_sub_image GL_ARB_gl_spirv GL_ARB_gpu_shader5 GL_ARB_gpu_shader_fp64 GL_ARB_half_float_pixel GL_ARB_half_float_vertex GL_ARB_indirect_parameters GL_ARB_instanced_arrays GL_ARB_internalformat_query GL_ARB_internalformat_query2 GL_ARB_invalidate_subdata GL_ARB_map_buffer_alignment GL_ARB_map_buffer_range GL_ARB_multi_bind GL_ARB_multi_draw_indirect GL_ARB_occlusion_query2 GL_ARB_parallel_shader_compile GL_ARB_pipeline_statistics_query GL_ARB_pixel_buffer_object GL_ARB_point_sprite GL_ARB_polygon_offset_clamp GL_ARB_program_interface_query GL_ARB_provoking_vertex GL_ARB_robustness GL_ARB_sample_shading GL_ARB_sampler_objects GL_ARB_seamless_cube_map GL_ARB_seamless_cubemap_per_texture G
L_ARB_separate_shader_objects GL_ARB_shader_atomic_counter_ops GL_ARB_shader_atomic_counters GL_ARB_shader_bit_encoding GL_ARB_shader_clock GL_ARB_shader_draw_parameters GL_ARB_shader_group_vote GL_ARB_shader_image_load_store GL_ARB_shader_image_size GL_ARB_shader_objects GL_ARB_shader_precision GL_ARB_shader_storage_buffer_object GL_ARB_shader_subroutine GL_ARB_shader_texture_image_samples GL_ARB_shader_texture_lod GL_ARB_shader_viewport_layer_array GL_ARB_shading_language_420pack GL_ARB_shading_language_include GL_ARB_shading_language_packing GL_ARB_spirv_extensions GL_ARB_sync GL_ARB_tessellation_shader GL_ARB_texture_barrier GL_ARB_texture_border_clamp GL_ARB_texture_buffer_object GL_ARB_texture_buffer_object_rgb32 GL_ARB_texture_buffer_range GL_ARB_texture_compression_bptc GL_ARB_texture_compression_rgtc GL_ARB_texture_cube_map_array GL_ARB_texture_filter_anisotropic GL_ARB_texture_float GL_ARB_texture_gather GL_ARB_texture_mirror_clamp_to_edge GL_ARB_texture_multisample GL_ARB_texture_non_power_of_two 
GL_ARB_texture_query_levels GL_ARB_texture_query_lod GL_ARB_texture_rectangle GL_ARB_texture_rg GL_ARB_texture_rgb10_a2ui GL_ARB_texture_storage GL_ARB_texture_storage_multisample GL_ARB_texture_swizzle GL_ARB_texture_view GL_ARB_timer_query GL_ARB_transform_feedback2 GL_ARB_transform_feedback3 GL_ARB_transform_feedback_instanced GL_ARB_transform_feedback_overflow_query GL_ARB_uniform_buffer_object GL_ARB_vertex_array_bgra GL_ARB_vertex_array_object GL_ARB_vertex_attrib_64bit GL_ARB_vertex_attrib_binding GL_ARB_vertex_buffer_object GL_ARB_vertex_shader GL_ARB_vertex_type_10f_11f_11f_rev GL_ARB_vertex_type_2_10_10_10_rev GL_ARB_viewport_array GL_ATI_blend_equation_separate GL_ATI_texture_float GL_EXT_EGL_image_storage GL_EXT_EGL_sync GL_EXT_abgr GL_EXT_blend_equation_separate GL_EXT_debug_label GL_EXT_demote_to_helper_invocation GL_EXT_draw_buffers2 GL_EXT_draw_instanced GL_EXT_framebuffer_blit GL_EXT_framebuffer_multisample GL_EXT_framebuffer_multisample_blit_scaled GL_EXT_framebuffer_object GL_EXT_framebuff
er_sRGB GL_EXT_memory_object GL_EXT_memory_object_fd GL_EXT_packed_depth_stencil GL_EXT_packed_float GL_EXT_pixel_buffer_object GL_EXT_polygon_offset_clamp GL_EXT_provoking_vertex GL_EXT_semaphore GL_EXT_semaphore_fd GL_EXT_shader_framebuffer_fetch_non_coherent GL_EXT_shader_integer_mix GL_EXT_shader_samples_identical GL_EXT_texture_array GL_EXT_texture_compression_dxt1 GL_EXT_texture_compression_rgtc GL_EXT_texture_compression_s3tc GL_EXT_texture_filter_anisotropic GL_EXT_texture_integer GL_EXT_texture_sRGB GL_EXT_texture_sRGB_R8 GL_EXT_texture_sRGB_decode GL_EXT_texture_shadow_lod GL_EXT_texture_shared_exponent GL_EXT_texture_snorm GL_EXT_texture_swizzle GL_EXT_timer_query GL_EXT_transform_feedback GL_EXT_vertex_array_bgra GL_EXT_vertex_attrib_64bit GL_IBM_multimode_draw_arrays GL_INTEL_blackhole_render GL_INTEL_performance_query GL_KHR_blend_equation_advanced GL_KHR_context_flush_control GL_KHR_debug GL_KHR_no_error GL_KHR_parallel_shader_compile GL_KHR_texture_compression_astc_ldr GL_KHR_texture_compress
ion_astc_sliced_3d GL_MESA_pack_invert GL_MESA_shader_integer_functions GL_MESA_texture_signed_rgba GL_NV_alpha_to_coverage_dither_control GL_NV_compute_shader_derivatives GL_NV_conditional_render GL_NV_copy_image GL_NV_depth_clamp GL_NV_packed_depth_stencil GL_NV_texture_barrier GL_OES_EGL_image GL_S3_s3tc
OPENGL LOG: Creating OpenGL 4.2 graphics device ; Context level  <OpenGL 4.2> ; Context handle 7889936
Begin MonoManager ReloadAssembly
- Completed reload, in  0.368 seconds
Default vsync count 1
requesting resize 1352 x 707
requesting fullscreen 1352 x 707 at 0 Hz
Setting up downscaled viewport at 1352 x 707
Desktop is 1366 x 768 @ 60 Hz
Disable old input system
UnloadTime: 1.188981 ms
Unloading 6 Unused Serialized files (Serialized files now loaded: 0)
UnloadTime: 17.217698 ms
Unloading 22 unused Assets to reduce memory usage. Loaded Objects now: 2490.
Total: 9.788933 ms (FindLiveObjects: 0.196448 ms CreateObjectMapping: 0.078789 ms MarkObjects: 9.120359 ms  DeleteObjects: 0.392052 ms)

Rebuild cycle data
Rebuild cycle data
Rebuild cycle data
Rebuild cycle data
Rebuild cycle data
Rebuild cycle data
Rebuild cycle data
Rebuild cycle data
Rebuild cycle data
Rebuild cycle data
Rebuild cycle data
Rebuild cycle data
Rebuild cycle data
Rebuild cycle data
Rebuild cycle data
Rebuild cycle data
Saved to: /home/newor/.config/unity3d/SebastianLague/Digital Logic Sim/V1/Projects/learning/Chips/4bit display.json
Rebuild cycle data
Rebuild cycle data
Rebuild cycle data
Saved to: /home/newor/.config/unity3d/SebastianLague/Digital Logic Sim/V1/Projects/learning/Chips/4bit display.json
Rebuild cycle data
Rebuild cycle data
Rebuild cycle data
Rebuild cycle data
Rebuild cycle data
Saved to: /home/newor/.config/unity3d/SebastianLague/Digital Logic Sim/V1/Projects/learning/Chips/7 seg driver v2.json
Rebuild cycle data
Rebuild cycle data
Saved to: /home/newor/.config/unity3d/SebastianLague/Digital Logic Sim/V1/Projects/learning/Chips/5 bit bcd.json
Rebuild cycle data
Rebuild cycle data
Rebuild cycle data
Rebuild cycle data
Rebuild cycle data
Rebuild cycle data
Rebuild cycle data
Rebuild cycle data
Rebuild cycle data
Rebuild cycle data
Rebuild cycle data
Rebuild cycle data
Rebuild cycle data
Rebuild cycle data
Rebuild cycle data
Rebuild cycle data
Rebuild cycle data
Rebuild cycle data
Rebuild cycle data
Rebuild cycle data
Saved to: /home/newor/.config/unity3d/SebastianLague/Digital Logic Sim/V1/Projects/learning/Chips/4bit counter.json
Rebuild cycle data
Rebuild cycle data
Changing real window size to 1352 x 707
Ignoring window size change to 1352x707 : waiting for fullscreen at 1352x707
Rebuild cycle data
Rebuild cycle data
Rebuild cycle data
Rebuild cycle data
Rebuild cycle data
Rebuild cycle data
Rebuild cycle data
Rebuild cycle data
Rebuild cycle data
Rebuild cycle data
Rebuild cycle data
Rebuild cycle data
Rebuild cycle data
Rebuild cycle data
Rebuild cycle data
Rebuild cycle data
Rebuild cycle data
Rebuild cycle data
Rebuild cycle data
Rebuild cycle data
Rebuild cycle data
Saved to: /home/newor/.config/unity3d/SebastianLague/Digital Logic Sim/V1/Projects/learning/Chips/dabble.json
Rebuild cycle data
Rebuild cycle data
Saved to: /home/newor/.config/unity3d/SebastianLague/Digital Logic Sim/V1/Projects/learning/Chips/4 Bit Adder.json
Rebuild cycle data
Rebuild cycle data
Rebuild cycle data
Rebuild cycle data
Rebuild cycle data
Rebuild cycle data
Rebuild cycle data
Rebuild cycle data
Rebuild cycle data
Rebuild cycle data
Rebuild cycle data
Rebuild cycle data
Rebuild cycle data
Rebuild cycle data
Rebuild cycle data
Rebuild cycle data
Rebuild cycle data
Rebuild cycle data
Rebuild cycle data
Rebuild cycle data
Rebuild cycle data
Rebuild cycle data
Rebuild cycle data
Rebuild cycle data
Rebuild cycle data
Rebuild cycle data
Rebuild cycle data
Rebuild cycle data
Rebuild cycle data
Rebuild cycle data
Rebuild cycle data
Rebuild cycle data
Rebuild cycle data
Rebuild cycle data
Rebuild cycle data
Rebuild cycle data
Rebuild cycle data
Rebuild cycle data
Rebuild cycle data
Rebuild cycle data
Rebuild cycle data
Rebuild cycle data
Rebuild cycle data
Rebuild cycle data
Rebuild cycle data
Rebuild cycle data
Rebuild cycle data
Rebuild cycle data
Rebuild cycle data
Rebuild cycle data
Rebuild cycle data
Rebuild cycle data
Rebuild cycle data
Rebuild cycle data
Rebuild cycle data
Rebuild cycle data
Rebuild cycle data
Rebuild cycle data
Rebuild cycle data
Rebuild cycle data
Rebuild cycle data
Rebuild cycle data
Rebuild cycle data
Rebuild cycle data
Rebuild cycle data
Rebuild cycle data
Rebuild cycle data
Rebuild cycle data
Rebuild cycle data
Rebuild cycle data
Rebuild cycle data
Rebuild cycle data
Rebuild cycle data
Rebuild cycle data
Rebuild cycle data
Saved to: /home/newor/.config/unity3d/SebastianLague/Digital Logic Sim/V1/Projects/learning/Chips/5 bit bcd.json
Rebuild cycle data
Rebuild cycle data
Rebuild cycle data
Rebuild cycle data
Rebuild cycle data
Rebuild cycle data
Rebuild cycle data
Rebuild cycle data
Rebuild cycle data
Rebuild cycle data
Rebuild cycle data
Rebuild cycle data
Rebuild cycle data
Rebuild cycle data
Rebuild cycle data
Rebuild cycle data
Rebuild cycle data
Rebuild cycle data
Rebuild cycle data
Rebuild cycle data
Rebuild cycle data
Rebuild cycle data
Rebuild cycle data
Rebuild cycle data
Rebuild cycle data
Rebuild cycle data
Rebuild cycle data
Rebuild cycle data
Rebuild cycle data
Rebuild cycle data
Rebuild cycle data
Rebuild cycle data
Rebuild cycle data
Rebuild cycle data
Rebuild cycle data
Rebuild cycle data
Rebuild cycle data
Rebuild cycle data
Rebuild cycle data
Rebuild cycle data
Rebuild cycle data
Rebuild cycle data
Rebuild cycle data
Saved to: /home/newor/.config/unity3d/SebastianLague/Digital Logic Sim/V1/Projects/learning/Chips/5bit bcd eg.json
Rebuild cycle data
Rebuild cycle data
Rebuild cycle data
Rebuild cycle data
Rebuild cycle data
Rebuild cycle data
Rebuild cycle data
Rebuild cycle data
Rebuild cycle data
Rebuild cycle data
Rebuild cycle data
Rebuild cycle data
Rebuild cycle data
Saved to: /home/newor/.config/unity3d/SebastianLague/Digital Logic Sim/V1/Projects/learning/Chips/;.json
Rebuild cycle data
Unsaved changes!
Unloading 2 Unused Serialized files (Serialized files now loaded: 0)
UnloadTime: 6.698683 ms
Unloading 5014 unused Assets to reduce memory usage. Loaded Objects now: 1508.
Total: 13.808990 ms (FindLiveObjects: 0.802385 ms CreateObjectMapping: 0.944148 ms MarkObjects: 3.294555 ms  DeleteObjects: 8.767037 ms)

Setting up 2 worker threads for Enlighten.
Memory Statistics:
[ALLOC_TEMP_TLS] TLS Allocator
  StackAllocators : 
    [ALLOC_TEMP_MAIN]
      Peak usage frame count: [0-1.0 KB]: 13629 frames, [1.0 KB-2.0 KB]: 101353 frames, [2.0 KB-4.0 KB]: 30150 frames, [4.0 KB-8.0 KB]: 1342 frames, [8.0 KB-16.0 KB]: 2594 frames, [16.0 KB-32.0 KB]: 249 frames, [32.0 KB-64.0 KB]: 228 frames, [128.0 KB-256.0 KB]: 1 frames, [0.5 MB-1.0 MB]: 1 frames, [2.0 MB-4.0 MB]: 1 frames
      Initial Block Size 4.0 MB
      Current Block Size 4.0 MB
      Peak Allocated Bytes 2.0 MB
      Overflow Count 0
    [ALLOC_TEMP_Loading.AsyncRead]
      Initial Block Size 64.0 KB
      Current Block Size 64.0 KB
      Peak Allocated Bytes 128 B
      Overflow Count 0
    [ALLOC_TEMP_Loading.PreloadManager]
      Initial Block Size 256.0 KB
      Current Block Size 392.0 KB
      Peak Allocated Bytes 369.3 KB
      Overflow Count 12
    [ALLOC_TEMP_Background Job.Worker 8]
      Initial Block Size 32.0 KB
      Current Block Size 32.0 KB
      Peak Allocated Bytes 0 B
      Overflow Count 0
    [ALLOC_TEMP_Background Job.Worker 9]
      Initial Block Size 32.0 KB
      Current Block Size 32.0 KB
      Peak Allocated Bytes 0 B
      Overflow Count 0
    [ALLOC_TEMP_Job.Worker 0]
      Initial Block Size 256.0 KB
      Current Block Size 256.0 KB
      Peak Allocated Bytes 49.2 KB
      Overflow Count 0
    [ALLOC_TEMP_Background Job.Worker 10]
      Initial Block Size 32.0 KB
      Current Block Size 32.0 KB
      Peak Allocated Bytes 0 B
      Overflow Count 0
    [ALLOC_TEMP_Background Job.Worker 14]
      Initial Block Size 32.0 KB
      Current Block Size 32.0 KB
      Peak Allocated Bytes 0 B
      Overflow Count 0
    [ALLOC_TEMP_Background Job.Worker 6]
      Initial Block Size 32.0 KB
      Current Block Size 32.0 KB
      Peak Allocated Bytes 0 B
      Overflow Count 0
    [ALLOC_TEMP_Background Job.Worker 12]
      Initial Block Size 32.0 KB
      Current Block Size 32.0 KB
      Peak Allocated Bytes 0 B
      Overflow Count 0
    [ALLOC_TEMP_EnlightenWorker] x 2
      Initial Block Size 64.0 KB
      Current Block Size 64.0 KB
      Peak Allocated Bytes 0 B
      Overflow Count 0
    [ALLOC_TEMP_Background Job.Worker 15]
      Initial Block Size 32.0 KB
      Current Block Size 32.0 KB
      Peak Allocated Bytes 0 B
      Overflow Count 0
    [ALLOC_TEMP_Background Job.Worker 1]
      Initial Block Size 32.0 KB
      Current Block Size 32.0 KB
      Peak Allocated Bytes 0 B
      Overflow Count 0
    [ALLOC_TEMP_Background Job.Worker 2]
      Initial Block Size 32.0 KB
      Current Block Size 32.0 KB
      Peak Allocated Bytes 0 B
      Overflow Count 0
    [ALLOC_TEMP_Background Job.Worker 7]
      Initial Block Size 32.0 KB
      Current Block Size 32.0 KB
      Peak Allocated Bytes 0 B
      Overflow Count 0
    [ALLOC_TEMP_UnityGfxDeviceWorker]
      Initial Block Size 256.0 KB
      Current Block Size 256.0 KB
      Peak Allocated Bytes 17.3 KB
      Overflow Count 0
    [ALLOC_TEMP_AssetGarbageCollectorHelper] x 3
      Initial Block Size 64.0 KB
      Current Block Size 64.0 KB
      Peak Allocated Bytes 0 B
      Overflow Count 0
    [ALLOC_TEMP_Background Job.Worker 5]
      Initial Block Size 32.0 KB
      Current Block Size 32.0 KB
      Peak Allocated Bytes 0 B
      Overflow Count 0
    [ALLOC_TEMP_Background Job.Worker 13]
      Initial Block Size 32.0 KB
      Current Block Size 32.0 KB
      Peak Allocated Bytes 0 B
      Overflow Count 0
    [ALLOC_TEMP_Job.Worker 1]
      Initial Block Size 256.0 KB
      Current Block Size 256.0 KB
      Peak Allocated Bytes 49.2 KB
      Overflow Count 0
    [ALLOC_TEMP_Job.Worker 2]
      Initial Block Size 256.0 KB
      Current Block Size 256.0 KB
      Peak Allocated Bytes 49.2 KB
      Overflow Count 0
    [ALLOC_TEMP_Background Job.Worker 3]
      Initial Block Size 32.0 KB
      Current Block Size 32.0 KB
      Peak Allocated Bytes 0 B
      Overflow Count 0
    [ALLOC_TEMP_Background Job.Worker 11]
      Initial Block Size 32.0 KB
      Current Block Size 32.0 KB
      Peak Allocated Bytes 0 B
      Overflow Count 0
    [ALLOC_TEMP_Background Job.Worker 0]
      Initial Block Size 32.0 KB
      Current Block Size 32.0 KB
      Peak Allocated Bytes 0 B
      Overflow Count 0
    [ALLOC_TEMP_Background Job.Worker 4]
      Initial Block Size 32.0 KB
      Current Block Size 32.0 KB
      Peak Allocated Bytes 0 B
      Overflow Count 0
    [ALLOC_TEMP_BatchDeleteObjects]
      Initial Block Size 64.0 KB
      Current Block Size 64.0 KB
      Peak Allocated Bytes 0 B
      Overflow Count 0
[ALLOC_DEFAULT] Dual Thread Allocator
  Peak main deferred allocation count 14428
    [ALLOC_BUCKET]
      Large Block size 4.0 MB
      Used Block count 1
      Peak Allocated bytes 3.7 MB
      Failed Allocations. Bucket layout:
        16B: 11 Subsections = 11264 buckets. Failed count: 275291
        32B: 10 Subsections = 5120 buckets. Failed count: 11399
        48B: 139 Subsections = 47445 buckets. Failed count: 812865
        64B: 48 Subsections = 12288 buckets. Failed count: 9757
        80B: 17 Subsections = 3481 buckets. Failed count: 0
        96B: 8 Subsections = 1365 buckets. Failed count: 0
        112B: 2 Subsections = 292 buckets. Failed count: 0
        128B: 21 Subsections = 2688 buckets. Failed count: 0
    [ALLOC_DEFAULT_MAIN]
      Peak usage frame count: [8.0 MB-16.0 MB]: 13960 frames, [16.0 MB-32.0 MB]: 135588 frames
      Requested Block Size 16.0 MB
      Peak Block count 2
      Peak Allocated memory 20.9 MB
      Peak Large allocation bytes 0 B
    [ALLOC_DEFAULT_THREAD]
      Peak usage frame count: [16.0 MB-32.0 MB]: 149548 frames
      Requested Block Size 16.0 MB
      Peak Block count 1
      Peak Allocated memory 18.8 MB
      Peak Large allocation bytes 16.0 MB
[ALLOC_TEMP_JOB_1_FRAME]
  Initial Block Size 2.0 MB
  Used Block Count 1
  Overflow Count (too large) 0
  Overflow Count (full) 0
[ALLOC_TEMP_JOB_2_FRAMES]
  Initial Block Size 2.0 MB
  Used Block Count 1
  Overflow Count (too large) 0
  Overflow Count (full) 0
[ALLOC_TEMP_JOB_4_FRAMES (JobTemp)]
  Initial Block Size 2.0 MB
  Used Block Count 2
  Overflow Count (too large) 0
  Overflow Count (full) 0
[ALLOC_TEMP_JOB_ASYNC (Background)]
  Initial Block Size 1.0 MB
  Used Block Count 3
  Overflow Count (too large) 0
  Overflow Count (full) 0
[ALLOC_GFX] Dual Thread Allocator
  Peak main deferred allocation count 90
    [ALLOC_BUCKET]
      Large Block size 4.0 MB
      Used Block count 1
      Peak Allocated bytes 3.7 MB
      Failed Allocations. Bucket layout:
        16B: 11 Subsections = 11264 buckets. Failed count: 275291
        32B: 10 Subsections = 5120 buckets. Failed count: 11399
        48B: 139 Subsections = 47445 buckets. Failed count: 812865
        64B: 48 Subsections = 12288 buckets. Failed count: 9757
        80B: 17 Subsections = 3481 buckets. Failed count: 0
        96B: 8 Subsections = 1365 buckets. Failed count: 0
        112B: 2 Subsections = 292 buckets. Failed count: 0
        128B: 21 Subsections = 2688 buckets. Failed count: 0
    [ALLOC_GFX_MAIN]
      Peak usage frame count: [64.0 KB-128.0 KB]: 443 frames, [128.0 KB-256.0 KB]: 11557 frames, [256.0 KB-0.5 MB]: 137547 frames, [2.0 MB-4.0 MB]: 1 frames
      Requested Block Size 16.0 MB
      Peak Block count 1
      Peak Allocated memory 3.0 MB
      Peak Large allocation bytes 0 B
    [ALLOC_GFX_THREAD]
      Peak usage frame count: [128.0 KB-256.0 KB]: 309 frames, [0.5 MB-1.0 MB]: 58 frames, [1.0 MB-2.0 MB]: 149181 frames
      Requested Block Size 16.0 MB
      Peak Block count 1
      Peak Allocated memory 1.6 MB
      Peak Large allocation bytes 0 B
[ALLOC_CACHEOBJECTS] Dual Thread Allocator
  Peak main deferred allocation count 28
    [ALLOC_BUCKET]
      Large Block size 4.0 MB
      Used Block count 1
      Peak Allocated bytes 3.7 MB
      Failed Allocations. Bucket layout:
        16B: 11 Subsections = 11264 buckets. Failed count: 275291
        32B: 10 Subsections = 5120 buckets. Failed count: 11399
        48B: 139 Subsections = 47445 buckets. Failed count: 812865
        64B: 48 Subsections = 12288 buckets. Failed count: 9757
        80B: 17 Subsections = 3481 buckets. Failed count: 0
        96B: 8 Subsections = 1365 buckets. Failed count: 0
        112B: 2 Subsections = 292 buckets. Failed count: 0
        128B: 21 Subsections = 2688 buckets. Failed count: 0
    [ALLOC_CACHEOBJECTS_MAIN]
      Peak usage frame count: [256.0 KB-0.5 MB]: 149235 frames, [0.5 MB-1.0 MB]: 313 frames
      Requested Block Size 4.0 MB
      Peak Block count 1
      Peak Allocated memory 0.6 MB
      Peak Large allocation bytes 0 B
    [ALLOC_CACHEOBJECTS_THREAD]
      Peak usage frame count: [1.0 MB-2.0 MB]: 367 frames, [2.0 MB-4.0 MB]: 149181 frames
      Requested Block Size 4.0 MB
      Peak Block count 2
      Peak Allocated memory 3.9 MB
      Peak Large allocation bytes 0 B
[ALLOC_TYPETREE] Dual Thread Allocator
  Peak main deferred allocation count 0
    [ALLOC_BUCKET]
      Large Block size 4.0 MB
      Used Block count 1
      Peak Allocated bytes 3.7 MB
      Failed Allocations. Bucket layout:
        16B: 11 Subsections = 11264 buckets. Failed count: 275291
        32B: 10 Subsections = 5120 buckets. Failed count: 11399
        48B: 139 Subsections = 47445 buckets. Failed count: 812865
        64B: 48 Subsections = 12288 buckets. Failed count: 9757
        80B: 17 Subsections = 3481 buckets. Failed count: 0
        96B: 8 Subsections = 1365 buckets. Failed count: 0
        112B: 2 Subsections = 292 buckets. Failed count: 0
        128B: 21 Subsections = 2688 buckets. Failed count: 0
    [ALLOC_TYPETREE_MAIN]
      Peak usage frame count: [4.0 KB-8.0 KB]: 309 frames, [16.0 KB-32.0 KB]: 149239 frames
      Requested Block Size 2.0 MB
      Peak Block count 1
      Peak Allocated memory 19.1 KB
      Peak Large allocation bytes 0 B
    [ALLOC_TYPETREE_THREAD]
      Peak usage frame count: [8.0 KB-16.0 KB]: 309 frames, [16.0 KB-32.0 KB]: 149239 frames
      Requested Block Size 2.0 MB
      Peak Block count 1
      Peak Allocated memory 16.7 KB
      Peak Large allocation bytes 0 B
