2024-01-21 10:38:07.774 [info] Extension host with pid 2126538 started
2024-01-21 10:38:07.908 [info] ExtensionService#_doActivateExtension vscode.git-base, startup: true, activationEvent: '*', root cause: vscode.git
2024-01-21 10:38:07.963 [info] ExtensionService#_doActivateExtension vscode.git, startup: true, activationEvent: '*'
2024-01-21 10:38:08.196 [info] ExtensionService#_doActivateExtension vscode.github, startup: true, activationEvent: '*'
2024-01-21 10:38:08.522 [info] Eager extensions activated
2024-01-21 10:38:08.650 [info] ExtensionService#_doActivateExtension vscode.debug-auto-launch, startup: false, activationEvent: 'onStartupFinished'
2024-01-21 10:38:08.660 [info] ExtensionService#_doActivateExtension vscode.merge-conflict, startup: false, activationEvent: 'onStartupFinished'
2024-01-21 10:38:30.192 [info] ExtensionService#_doActivateExtension vscode.emmet, startup: false, activationEvent: 'onLanguage'
2024-01-21 10:40:34.376 [info] ExtensionService#_doActivateExtension genuitecllc.codetogether, startup: false, activationEvent: '*'
2024-01-21 12:57:56.330 [info] Extension host terminating: renderer closed the MessagePort
2024-01-21 12:57:56.367 [error] Canceled: Canceled
	at new g (/usr/lib/code/out/vs/workbench/api/node/extensionHostProcess.js:141:110274)
	at l.U (/usr/lib/code/out/vs/workbench/api/node/extensionHostProcess.js:150:10866)
	at P.<computed>.j.charCodeAt.P.<computed> (/usr/lib/code/out/vs/workbench/api/node/extensionHostProcess.js:150:8317)
	at d.g (/usr/lib/code/out/vs/workbench/api/node/extensionHostProcess.js:141:139555)
	at d.executeCommand (/usr/lib/code/out/vs/workbench/api/node/extensionHostProcess.js:141:138993)
	at p.registerCommand.description (/usr/lib/code/out/vs/workbench/api/node/extensionHostProcess.js:141:138317)
	at d.h (/usr/lib/code/out/vs/workbench/api/node/extensionHostProcess.js:141:140094)
	at d.g (/usr/lib/code/out/vs/workbench/api/node/extensionHostProcess.js:141:139086)
	at d.executeCommand (/usr/lib/code/out/vs/workbench/api/node/extensionHostProcess.js:141:138993)
	at Object.executeCommand (/usr/lib/code/out/vs/workbench/api/node/extensionHostProcess.js:158:21333)
	at l.set (/home/newor/.vscode-oss/extensions/genuitecllc.codetogether-2024.1.0-universal/out/extension.js:3:59321)
	at i.disconnect (/home/newor/.vscode-oss/extensions/genuitecllc.codetogether-2024.1.0-universal/out/extension.js:15:87311)
	at x.stop (/home/newor/.vscode-oss/extensions/genuitecllc.codetogether-2024.1.0-universal/out/extension.js:80:17713)
	at t.deactivate (/home/newor/.vscode-oss/extensions/genuitecllc.codetogether-2024.1.0-universal/out/extension.js:3:77117)
	at async Promise.all (index 6)
	at async f.Y (/usr/lib/code/out/vs/workbench/api/node/extensionHostProcess.js:154:7823) setContext undefined
2024-01-21 12:57:56.367 [info] Extension host with pid 2126538 exiting with code 0
