2024-01-10T09:16:42.634Z 0: 

----------------------------------------------
2024-01-10T09:16:42.652Z 1: Discord starting: {"releaseChannel":"stable","version":"0.0.40"}, modulepath: /home/newor/.config/discord/0.0.40/modules
2024-01-10T09:16:42.696Z 2: ✅ webContents.created web1 ""
2024-01-10T09:16:42.729Z 3: ✅ window.created win1 "discord"
2024-01-10T09:16:55.080Z 4: ✅ webContents.did-finish-load web1
2024-01-10T09:17:26.812Z 5: ✅ webContents.created web2 ""
2024-01-10T09:17:26.844Z 6: ✅ window.created win2 "Discord"
2024-01-10T09:17:34.386Z 7: ✅ webContents.did-finish-load web2
2024-01-10T09:17:34.491Z 8: window.close win1
2024-01-10T09:17:34.563Z 9: webContents.destroyed web1
2024-01-10T09:17:34.587Z 10: window.closed win1
2024-01-10T15:06:06.599Z 11: before-quit
2024-01-12T13:08:36.125Z 0: 

----------------------------------------------
2024-01-12T13:08:36.154Z 1: Discord starting: {"releaseChannel":"stable","version":"0.0.40"}, modulepath: /home/newor/.config/discord/0.0.40/modules
2024-01-12T13:08:36.206Z 2: ✅ webContents.created web1 ""
2024-01-12T13:08:36.215Z 3: ✅ window.created win1 "discord"
2024-01-12T13:08:47.718Z 4: ✅ webContents.did-finish-load web1
2024-01-12T13:08:48.298Z 5: ✅ webContents.created web2 ""
2024-01-12T13:08:48.352Z 6: ✅ window.created win2 "Discord"
2024-01-12T13:08:56.615Z 7: ✅ webContents.did-finish-load web2
2024-01-12T13:08:56.720Z 8: window.close win1
2024-01-12T13:08:56.891Z 9: webContents.destroyed web1
2024-01-12T13:08:56.910Z 10: window.closed win1
2024-01-12T14:43:18.954Z 11: before-quit
2024-01-13T08:06:37.527Z 0: 

----------------------------------------------
2024-01-13T08:06:37.562Z 1: Discord starting: {"releaseChannel":"stable","version":"0.0.40"}, modulepath: /home/newor/.config/discord/0.0.40/modules
2024-01-13T08:06:37.603Z 2: ✅ webContents.created web1 ""
2024-01-13T08:06:37.609Z 3: ✅ window.created win1 "discord"
2024-01-13T08:06:38.069Z 4: ✅ webContents.did-finish-load web1
2024-01-13T08:06:38.653Z 5: ✅ webContents.created web2 ""
2024-01-13T08:06:38.694Z 6: ✅ window.created win2 "Discord"
2024-01-13T08:06:44.788Z 7: ✅ webContents.did-finish-load web2
2024-01-13T08:06:44.885Z 8: window.close win1
2024-01-13T08:06:44.914Z 9: webContents.destroyed web1
2024-01-13T08:06:44.917Z 10: window.closed win1
2024-01-13T08:57:44.796Z 0: 

----------------------------------------------
2024-01-13T08:57:44.833Z 1: Discord starting: {"releaseChannel":"stable","version":"0.0.40"}, modulepath: /home/newor/.config/discord/0.0.40/modules
2024-01-13T08:57:44.890Z 2: ✅ webContents.created web1 ""
2024-01-13T08:57:44.901Z 3: ✅ window.created win1 "discord"
2024-01-13T08:57:45.372Z 4: ✅ webContents.did-finish-load web1
2024-01-13T08:57:45.958Z 5: ✅ webContents.created web2 ""
2024-01-13T08:57:46.011Z 6: ✅ window.created win2 "Discord"
2024-01-13T08:57:52.606Z 7: ✅ webContents.did-finish-load web2
2024-01-13T08:57:52.712Z 8: window.close win1
2024-01-13T08:57:52.770Z 9: webContents.destroyed web1
2024-01-13T08:57:52.780Z 10: window.closed win1
2024-01-17T11:32:38.597Z 0: 

----------------------------------------------
2024-01-17T11:32:38.637Z 1: Discord starting: {"releaseChannel":"stable","version":"0.0.40"}, modulepath: /home/newor/.config/discord/0.0.40/modules
2024-01-17T11:32:38.692Z 2: ✅ webContents.created web1 ""
2024-01-17T11:32:38.697Z 3: ✅ window.created win1 "discord"
2024-01-17T11:32:39.320Z 4: ✅ webContents.did-finish-load web1
2024-01-17T11:32:40.382Z 5: ✅ webContents.created web2 ""
2024-01-17T11:32:40.401Z 6: ✅ window.created win2 "Discord"
2024-01-17T11:32:49.987Z 7: ✅ webContents.did-finish-load web2
2024-01-17T11:32:50.077Z 8: window.close win1
2024-01-17T11:32:50.201Z 9: webContents.destroyed web1
2024-01-17T11:32:50.213Z 10: window.closed win1
2024-01-18T14:24:10.244Z 0: 

----------------------------------------------
2024-01-18T14:24:10.327Z 1: Discord starting: {"releaseChannel":"stable","version":"0.0.40"}, modulepath: /home/newor/.config/discord/0.0.40/modules
2024-01-18T14:24:10.358Z 2: ✅ webContents.created web1 ""
2024-01-18T14:24:10.362Z 3: ✅ window.created win1 "discord"
2024-01-18T14:24:10.805Z 4: ✅ webContents.did-finish-load web1
2024-01-18T14:24:11.457Z 5: ✅ webContents.created web2 ""
2024-01-18T14:24:11.478Z 6: ✅ window.created win2 "Discord"
2024-01-18T14:24:18.231Z 7: ✅ webContents.did-finish-load web2
2024-01-18T14:24:18.331Z 8: window.close win1
2024-01-18T14:24:18.371Z 9: webContents.destroyed web1
2024-01-18T14:24:18.391Z 10: window.closed win1
2024-01-18T15:37:42.892Z 11: webContents.destroyed web2
